Arguments: 
  /Users/marc/.nvm/versions/node/v14.15.0/bin/node /Users/marc/.yarn/bin/yarn.js add datefns

PATH: 
  /Users/marc/.yarn/bin:/Users/marc/.config/yarn/global/node_modules/.bin:/Users/marc/.nvm/versions/node/v14.15.0/bin:/usr/local/bin:/usr/bin:/bin:/usr/sbin:/sbin:/Applications/VMware Fusion.app/Contents/Public:/usr/local/share/dotnet:~/.dotnet/tools:/Library/Apple/usr/bin:/Library/Frameworks/Mono.framework/Versions/Current/Commands:/Users/marc/.vs-kubernetes/tools/minikube/darwin-amd64:/Users/marc/.yarn/bin:/Users/marc/.config/yarn/global/node_modules/.bin:/Users/marc/.nvm/versions/node/v14.15.0/bin

Yarn version: 
  1.22.15

Node version: 
  14.15.0

Platform: 
  darwin x64

Trace: 
  Error: https://registry.yarnpkg.com/datefns: Not found
      at Request.params.callback [as _callback] (/Users/marc/.yarn/lib/cli.js:67031:18)
      at Request.self.callback (/Users/marc/.yarn/lib/cli.js:140885:22)
      at Request.emit (events.js:315:20)
      at Request.<anonymous> (/Users/marc/.yarn/lib/cli.js:141857:10)
      at Request.emit (events.js:315:20)
      at IncomingMessage.<anonymous> (/Users/marc/.yarn/lib/cli.js:141779:12)
      at Object.onceWrapper (events.js:421:28)
      at IncomingMessage.emit (events.js:327:22)
      at endReadableNT (_stream_readable.js:1327:12)
      at processTicksAndRejections (internal/process/task_queues.js:80:21)

npm manifest: 
  {
    "name": "smtp-health",
    "version": "1.0.0",
    "description": "An SMTP test/health check program",
    "type": "module",
    "scripts": {
      "health": "./health.js"
    },
    "dependencies": {
      "smtp-client": "^0.4.0"
    }
  }

yarn manifest: 
  No manifest

Lockfile: 
  # THIS IS AN AUTOGENERATED FILE. DO NOT EDIT THIS FILE DIRECTLY.
  # yarn lockfile v1
  
  
  line-buffer@^0.1.4:
    version "0.1.4"
    resolved "https://registry.yarnpkg.com/line-buffer/-/line-buffer-0.1.4.tgz#e07de183310b60122fde4b335cf6606543ffb1d3"
    integrity sha1-4H3hgzELYBIv3kszXPZgZUP/sdM=
  
  promised-timeout@0.5.1:
    version "0.5.1"
    resolved "https://registry.yarnpkg.com/promised-timeout/-/promised-timeout-0.5.1.tgz#56bd98eb8c59e594dae85551bc54451cd4584c23"
    integrity sha1-Vr2Y64xZ5ZTa6FVRvFRFHNRYTCM=
  
  promised-timeout@^0.2.0:
    version "0.2.0"
    resolved "https://registry.yarnpkg.com/promised-timeout/-/promised-timeout-0.2.0.tgz#45eafcf5ed9457e2e60efa77c2c860d6ef1d816e"
    integrity sha1-Rer89e2UV+LmDvp3wshg1u8dgW4=
  
  smtp-channel@0.2.3:
    version "0.2.3"
    resolved "https://registry.yarnpkg.com/smtp-channel/-/smtp-channel-0.2.3.tgz#db660868ad3b5296775ec8078c38aa634c4dcda6"
    integrity sha512-5PR7qW88Z6GcLfvgop6WpUMwNoJKKQY9CP8Gpk5INbSs3UtWqMgFYkTTMaynnbj+6e4D/L0JuagbuH3fjm4+Fw==
    dependencies:
      line-buffer "^0.1.4"
      promised-timeout "^0.2.0"
  
  smtp-client@^0.4.0:
    version "0.4.0"
    resolved "https://registry.yarnpkg.com/smtp-client/-/smtp-client-0.4.0.tgz#2015da1f4d9821e67bf22ced01568b027d305245"
    integrity sha512-TvxdX02b96hN6732TGkXcXHsaTeXgVMXjdAhYzz/pLGE6V1p/5jh1XYJa/PfE+O21jHLmwHYWVP3c7JNFWwmOg==
    dependencies:
      promised-timeout "0.5.1"
      smtp-channel "0.2.3"
